2024-08-20 20:34:27,625 - INFO - load dataset...
2024-08-20 20:34:27,692 - INFO - data preprocessing...
2024-08-20 20:34:39,448 - INFO - splitting the dataset into X and y...
2024-08-20 20:34:39,500 - INFO - Training the model...
2024-08-20 20:34:40,047 - INFO - making predictions on the test set...
2024-08-20 20:34:40,359 - INFO - r2_Score of the model is:  0.9917
2024-08-20 20:34:40,360 - INFO - model prediction and evaluation successfully completed...
2024-08-20 20:54:24,832 - INFO - load dataset...
2024-08-20 20:54:24,856 - INFO - data preprocessing...
2024-08-20 20:54:31,185 - INFO - splitting the dataset into X and y...
2024-08-20 20:54:31,221 - INFO - Training the model...
2024-08-20 20:54:31,234 - INFO - making predictions on the test set...
2024-08-20 20:54:31,246 - INFO - r2_Score of the model is:  0.9999
2024-08-20 20:54:31,247 - INFO - model prediction and evaluation successfully completed...
2024-08-20 20:55:37,827 - INFO - load dataset...
2024-08-20 20:55:37,848 - INFO - data preprocessing...
2024-08-20 20:57:55,017 - INFO - load dataset...
2024-08-20 20:57:55,042 - INFO - data preprocessing...
2024-08-20 20:57:59,337 - INFO - splitting the dataset into X and y...
2024-08-20 20:57:59,367 - INFO - Training the model...
2024-08-20 20:57:59,375 - INFO - making predictions on the test set...
2024-08-20 20:57:59,387 - INFO - r2_Score of the model is:  0.9998
2024-08-20 20:57:59,388 - INFO - model prediction and evaluation successfully completed...
2024-08-20 20:59:47,744 - INFO - splitting the dataset into X and y...
2024-08-20 21:01:28,523 - INFO - splitting the dataset into X and y...
2024-08-20 21:01:31,927 - INFO - Training the model...
2024-08-20 21:01:32,464 - INFO - making predictions on the test set...
2024-08-20 21:01:33,415 - INFO - r2_Score of the model is:  0.9910
2024-08-20 21:01:33,415 - INFO - model prediction and evaluation successfully completed...
